<?xml version="1.0" encoding="UTF-8"?>
<!-- Generated by org.testng.reporters.JUnitReportReporter -->
<testsuite hostname="qauser-PC" name="tests.CreateSegmentPractice" tests="1" failures="0" timestamp="29 Jun 2017 16:47:55 GMT" time="2.495" errors="0">
  <testcase name="CampaignGroupTest" time="2.495" classname="tests.CreateSegmentPractice"/>
</testsuite> <!-- tests.CreateSegmentPractice -->
