<?xml version="1.0" encoding="UTF-8"?>
<!-- Generated by org.testng.reporters.JUnitReportReporter -->
<testsuite hostname="qauser-PC" name="tests.CreateSegmentPractice" tests="1" failures="0" timestamp="28 Jun 2017 21:09:50 GMT" time="2.479" errors="0">
  <testcase name="CampaignGroupTest" time="2.479" classname="tests.CreateSegmentPractice"/>
</testsuite> <!-- tests.CreateSegmentPractice -->
