<?xml version="1.0" encoding="UTF-8"?>
<!-- Generated by org.testng.reporters.JUnitReportReporter -->
<testsuite hostname="qauser-PC" name="tests.TestLogin" tests="1" failures="0" timestamp="13 Jun 2017 16:24:50 GMT" time="5.231" errors="0">
  <testcase name="verifyLogin" time="5.231" classname="tests.TestLogin"/>
</testsuite> <!-- tests.TestLogin -->
